[debug] [2017-09-25T05:24:37.256Z] ----------------------------------------------------------------------
[debug] [2017-09-25T05:24:37.263Z] Command:       /home/soleeh/.nvm/versions/node/v8.4.0/bin/node /home/soleeh/.nvm/versions/node/v8.4.0/bin/firebase init
[debug] [2017-09-25T05:24:37.264Z] CLI Version:   3.12.0
[debug] [2017-09-25T05:24:37.264Z] Platform:      linux
[debug] [2017-09-25T05:24:37.264Z] Node Version:  v8.4.0
[debug] [2017-09-25T05:24:37.264Z] Time:          Mon Sep 25 2017 08:24:37 GMT+0300 (EAT)
[debug] [2017-09-25T05:24:37.264Z] ----------------------------------------------------------------------
[debug] 
[debug] [2017-09-25T05:24:37.317Z] > command requires scopes: ["email","openid","https://www.googleapis.com/auth/cloudplatformprojects.readonly","https://www.googleapis.com/auth/firebase"]
[debug] [2017-09-25T05:24:37.317Z] > authorizing via signed-in user
[info] 
     ######## #### ########  ######## ########     ###     ######  ########
     ##        ##  ##     ## ##       ##     ##  ##   ##  ##       ##
     ######    ##  ########  ######   ########  #########  ######  ######
     ##        ##  ##    ##  ##       ##     ## ##     ##       ## ##
     ##       #### ##     ## ######## ########  ##     ##  ######  ########

You're about to initialize a Firebase project in this directory:

  /home/soleeh/Documents/Moringa-core/ember-test

[info] 
=== Project Setup
[info] 
[info] First, let's associate this project directory with a Firebase project.
[info] You can create multiple project aliases by running firebase use --add, 
[info] but for now we'll just set up a default project.
[info] 
[debug] [2017-09-25T05:24:54.139Z] > refreshing access token with scopes: ["email","https://www.googleapis.com/auth/cloudplatformprojects.readonly","https://www.googleapis.com/auth/firebase","openid"]
[debug] [2017-09-25T05:24:54.140Z] >>> HTTP REQUEST POST https://www.googleapis.com/oauth2/v3/token { refresh_token: '1/Pr_KFZk0YL4upUK_ecFe3pSdFn856M6WEKFdLvELBMg',
  client_id: '563584335869-fgrhgmd47bqnekij5i8b5pr03ho849e6.apps.googleusercontent.com',
  client_secret: 'j9iVZfS8kkCEFUPaAeJV0sAi',
  grant_type: 'refresh_token',
  scope: 'email https://www.googleapis.com/auth/cloudplatformprojects.readonly https://www.googleapis.com/auth/firebase openid' } 
 Mon Sep 25 2017 08:24:54 GMT+0300 (EAT)
[debug] [2017-09-25T05:24:55.682Z] <<< HTTP RESPONSE 200
[debug] [2017-09-25T05:24:55.910Z] >>> HTTP REQUEST GET https://admin.firebase.com/v1/projects  
 Mon Sep 25 2017 08:24:55 GMT+0300 (EAT)
[debug] [2017-09-25T05:25:03.052Z] <<< HTTP RESPONSE 200
